<?xml version="1.0" encoding="UTF-8"?>
<testng-results skipped="0" failed="1" total="1" passed="0">
  <reporter-output>
  </reporter-output>
  <suite name="Default suite" duration-ms="55318" started-at="2016-04-15T04:50:48Z" finished-at="2016-04-15T04:51:43Z">
    <groups>
    </groups>
    <test name="Default test" duration-ms="55318" started-at="2016-04-15T04:50:48Z" finished-at="2016-04-15T04:51:43Z">
      <class name="com.redbus.testScripts.REDBUS002SelectSeatAndPickupLocation">
        <test-method status="PASS" signature="startUp()[pri:0, instance:com.redbus.testScripts.REDBUS002SelectSeatAndPickupLocation@71be98f5]" name="startUp" is-config="true" duration-ms="23" started-at="2016-04-15T10:20:48Z" finished-at="2016-04-15T10:20:48Z">
          <reporter-output>
          </reporter-output>
        </test-method> <!-- startUp -->
        <test-method status="PASS" signature="testScriptSetup(java.lang.reflect.Method)[pri:0, instance:com.redbus.testScripts.REDBUS002SelectSeatAndPickupLocation@71be98f5]" name="testScriptSetup" is-config="true" duration-ms="5167" started-at="2016-04-15T10:20:48Z" finished-at="2016-04-15T10:20:53Z">
          <params>
            <param index="0">
              <value>
                <![CDATA[public void com.redbus.testScripts.REDBUS002SelectSeatAndPickupLocation.BookATicket() throws com.redbus.utilities.TestFailedException,java.lang.Exception]]>
              </value>
            </param>
          </params>
          <reporter-output>
          </reporter-output>
        </test-method> <!-- testScriptSetup -->
        <test-method status="PASS" signature="initilizations()[pri:0, instance:com.redbus.testScripts.REDBUS002SelectSeatAndPickupLocation@71be98f5]" name="initilizations" is-config="true" duration-ms="144" started-at="2016-04-15T10:20:53Z" finished-at="2016-04-15T10:20:53Z">
          <reporter-output>
          </reporter-output>
        </test-method> <!-- initilizations -->
        <test-method status="FAIL" signature="BookATicket()[pri:0, instance:com.redbus.testScripts.REDBUS002SelectSeatAndPickupLocation@71be98f5]" name="BookATicket" duration-ms="49994" started-at="2016-04-15T10:20:53Z" finished-at="2016-04-15T10:21:43Z">
          <exception class="com.redbus.utilities.TestFailedException">
            <message>
              <![CDATA[Failed to select the specified travels: org.openqa.selenium.NoSuchElementException: no such element: Unable to locate element: {"method":"xpath","selector":"//a[starts-with(@title,'Seat No: 19')]"}
  (Session info: chrome=49.0.2623.112)
  (Driver info: chromedriver=2.21.371459 (36d3d07f660ff2bc1bf28a75d1cdabed0983e7c4),platform=Windows NT 6.1 SP1 x86_64) (WARNING: The server did not provide any stacktrace information)
Command duration or timeout: 10.04 seconds
For documentation on this error, please visit: http://seleniumhq.org/exceptions/no_such_element.html
Build info: version: '2.48.2', revision: '41bccdd10cf2c0560f637404c2d96164b67d9d67', time: '2015-10-09 13:08:06'
System info: host: 'INHYDDPC034', ip: '192.168.33.135', os.name: 'Windows 7', os.arch: 'amd64', os.version: '6.1', java.version: '1.8.0_31'
Driver info: org.openqa.selenium.chrome.ChromeDriver
Capabilities [{applicationCacheEnabled=false, rotatable=false, mobileEmulationEnabled=false, chrome={chromedriverVersion=2.21.371459 (36d3d07f660ff2bc1bf28a75d1cdabed0983e7c4), userDataDir=C:\Users\MADHUS~1.VAD\AppData\Local\Temp\scoped_dir1736_31858}, takesHeapSnapshot=true, databaseEnabled=false, handlesAlerts=true, hasTouchScreen=false, version=49.0.2623.112, platform=XP, browserConnectionEnabled=false, nativeEvents=true, acceptSslCerts=true, locationContextEnabled=true, webStorageEnabled=true, browserName=chrome, takesScreenshot=true, javascriptEnabled=true, cssSelectorsEnabled=true}]
Session ID: 21e9e719302afb03172f657b63bcabdb
*** Element info: {Using=xpath, value=//a[starts-with(@title,'Seat No: 19')]}]]>
            </message>
            <full-stacktrace>
              <![CDATA[com.redbus.utilities.TestFailedException: Failed to select the specified travels: org.openqa.selenium.NoSuchElementException: no such element: Unable to locate element: {"method":"xpath","selector":"//a[starts-with(@title,'Seat No: 19')]"}
  (Session info: chrome=49.0.2623.112)
  (Driver info: chromedriver=2.21.371459 (36d3d07f660ff2bc1bf28a75d1cdabed0983e7c4),platform=Windows NT 6.1 SP1 x86_64) (WARNING: The server did not provide any stacktrace information)
Command duration or timeout: 10.04 seconds
For documentation on this error, please visit: http://seleniumhq.org/exceptions/no_such_element.html
Build info: version: '2.48.2', revision: '41bccdd10cf2c0560f637404c2d96164b67d9d67', time: '2015-10-09 13:08:06'
System info: host: 'INHYDDPC034', ip: '192.168.33.135', os.name: 'Windows 7', os.arch: 'amd64', os.version: '6.1', java.version: '1.8.0_31'
Driver info: org.openqa.selenium.chrome.ChromeDriver
Capabilities [{applicationCacheEnabled=false, rotatable=false, mobileEmulationEnabled=false, chrome={chromedriverVersion=2.21.371459 (36d3d07f660ff2bc1bf28a75d1cdabed0983e7c4), userDataDir=C:\Users\MADHUS~1.VAD\AppData\Local\Temp\scoped_dir1736_31858}, takesHeapSnapshot=true, databaseEnabled=false, handlesAlerts=true, hasTouchScreen=false, version=49.0.2623.112, platform=XP, browserConnectionEnabled=false, nativeEvents=true, acceptSslCerts=true, locationContextEnabled=true, webStorageEnabled=true, browserName=chrome, takesScreenshot=true, javascriptEnabled=true, cssSelectorsEnabled=true}]
Session ID: 21e9e719302afb03172f657b63bcabdb
*** Element info: {Using=xpath, value=//a[starts-with(@title,'Seat No: 19')]}
	at com.redbus.business.methods.RedBusSearchResultsPage.selectATravelsAndSeatNo(RedBusSearchResultsPage.java:54)
	at com.redbus.testScripts.REDBUS002SelectSeatAndPickupLocation.BookATicket(REDBUS002SelectSeatAndPickupLocation.java:32)
	at sun.reflect.NativeMethodAccessorImpl.invoke0(Native Method)
	at sun.reflect.NativeMethodAccessorImpl.invoke(NativeMethodAccessorImpl.java:62)
	at sun.reflect.DelegatingMethodAccessorImpl.invoke(DelegatingMethodAccessorImpl.java:43)
	at java.lang.reflect.Method.invoke(Method.java:483)
	at org.testng.internal.MethodInvocationHelper.invokeMethod(MethodInvocationHelper.java:86)
	at org.testng.internal.Invoker.invokeMethod(Invoker.java:643)
	at org.testng.internal.Invoker.invokeTestMethod(Invoker.java:820)
	at org.testng.internal.Invoker.invokeTestMethods(Invoker.java:1128)
	at org.testng.internal.TestMethodWorker.invokeTestMethods(TestMethodWorker.java:129)
	at org.testng.internal.TestMethodWorker.run(TestMethodWorker.java:112)
	at org.testng.TestRunner.privateRun(TestRunner.java:782)
	at org.testng.TestRunner.run(TestRunner.java:632)
	at org.testng.SuiteRunner.runTest(SuiteRunner.java:366)
	at org.testng.SuiteRunner.runSequentially(SuiteRunner.java:361)
	at org.testng.SuiteRunner.privateRun(SuiteRunner.java:319)
	at org.testng.SuiteRunner.run(SuiteRunner.java:268)
	at org.testng.SuiteRunnerWorker.runSuite(SuiteRunnerWorker.java:52)
	at org.testng.SuiteRunnerWorker.run(SuiteRunnerWorker.java:86)
	at org.testng.TestNG.runSuitesSequentially(TestNG.java:1244)
	at org.testng.TestNG.runSuitesLocally(TestNG.java:1169)
	at org.testng.TestNG.run(TestNG.java:1064)
	at org.testng.remote.RemoteTestNG.run(RemoteTestNG.java:113)
	at org.testng.remote.RemoteTestNG.initAndRun(RemoteTestNG.java:206)
	at org.testng.remote.RemoteTestNG.main(RemoteTestNG.java:177)
]]>
            </full-stacktrace>
          </exception> <!-- com.redbus.utilities.TestFailedException -->
          <reporter-output>
          </reporter-output>
        </test-method> <!-- BookATicket -->
        <test-method status="PASS" signature="shutDown(org.testng.ITestResult)[pri:0, instance:com.redbus.testScripts.REDBUS002SelectSeatAndPickupLocation@71be98f5]" name="shutDown" is-config="true" duration-ms="1" started-at="2016-04-15T10:21:43Z" finished-at="2016-04-15T10:21:43Z">
          <params>
            <param index="0">
              <value>
                <![CDATA[[TestResult name=BookATicket status=FAILURE method=REDBUS002SelectSeatAndPickupLocation.BookATicket()[pri:0, instance:com.redbus.testScripts.REDBUS002SelectSeatAndPickupLocation@71be98f5] output={null}]]]>
              </value>
            </param>
          </params>
          <reporter-output>
          </reporter-output>
        </test-method> <!-- shutDown -->
        <test-method status="PASS" signature="endExecution()[pri:0, instance:com.redbus.testScripts.REDBUS002SelectSeatAndPickupLocation@71be98f5]" name="endExecution" is-config="true" duration-ms="2" started-at="2016-04-15T10:21:43Z" finished-at="2016-04-15T10:21:43Z">
          <reporter-output>
          </reporter-output>
        </test-method> <!-- endExecution -->
      </class> <!-- com.redbus.testScripts.REDBUS002SelectSeatAndPickupLocation -->
    </test> <!-- Default test -->
  </suite> <!-- Default suite -->
</testng-results>
